000 (2614.000.000) 03/25 22:29:31 Job submitted from host: <165.132.104.116:9618?addrs=165.132.104.116-9618&noUDP&sock=14374_c60d_3>
...
001 (2614.000.000) 03/25 22:30:24 Job executing on host: <165.132.104.117:9618?addrs=165.132.104.117-9618&noUDP&sock=68892_1309_3>
...
006 (2614.000.000) 03/25 22:30:25 Image size of job updated: 325
	0  -  MemoryUsage of job (MB)
	0  -  ResidentSetSize of job (KB)
...
005 (2614.000.000) 03/25 22:30:25 Job terminated.
	(1) Normal termination (return value 0)
		Usr 0 00:00:05, Sys 0 00:00:00  -  Run Remote Usage
		Usr 0 00:00:00, Sys 0 00:00:00  -  Run Local Usage
		Usr 0 00:00:05, Sys 0 00:00:00  -  Total Remote Usage
		Usr 0 00:00:00, Sys 0 00:00:00  -  Total Local Usage
	218  -  Run Bytes Sent By Job
	320984  -  Run Bytes Received By Job
	218  -  Total Bytes Sent By Job
	320984  -  Total Bytes Received By Job
	Partitionable Resources :    Usage  Request Allocated 
	   Cpus                 :        0       16        16 
	   Disk (KB)            :      328      325 265775104 
	   Memory (MB)          :        0        1      1024 
...
