000 (11774.000.000) 05/03 01:38:06 Job submitted from host: <165.132.104.116:9618?addrs=165.132.104.116-9618&noUDP&sock=14374_c60d_3>
...
001 (11774.000.000) 05/03 01:38:32 Job executing on host: <165.132.104.117:9618?addrs=165.132.104.117-9618&noUDP&sock=3421_69fc_3>
...
006 (11774.000.000) 05/03 01:38:36 Image size of job updated: 178608
	0  -  MemoryUsage of job (MB)
	0  -  ResidentSetSize of job (KB)
...
005 (11774.000.000) 05/03 01:38:37 Job terminated.
	(1) Normal termination (return value 0)
		Usr 0 00:00:02, Sys 0 00:00:01  -  Run Remote Usage
		Usr 0 00:00:00, Sys 0 00:00:00  -  Run Local Usage
		Usr 0 00:00:02, Sys 0 00:00:01  -  Total Remote Usage
		Usr 0 00:00:00, Sys 0 00:00:00  -  Total Local Usage
	369  -  Run Bytes Sent By Job
	183656  -  Run Bytes Received By Job
	369  -  Total Bytes Sent By Job
	183656  -  Total Bytes Received By Job
	Partitionable Resources :    Usage  Request Allocated 
	   Cpus                 :        0       16        16 
	   Disk (KB)            :      194      200 306006016 
	   Memory (MB)          :        0        1      1024 
...
000 (11809.000.000) 05/03 14:39:11 Job submitted from host: <165.132.104.116:9618?addrs=165.132.104.116-9618&noUDP&sock=14374_c60d_3>
...
001 (11809.000.000) 05/03 14:39:38 Job executing on host: <165.132.104.117:9618?addrs=165.132.104.117-9618&noUDP&sock=3421_69fc_3>
...
006 (11809.000.000) 05/03 14:39:41 Image size of job updated: 186132
	1  -  MemoryUsage of job (MB)
	52  -  ResidentSetSize of job (KB)
...
005 (11809.000.000) 05/03 14:39:41 Job terminated.
	(1) Normal termination (return value 0)
		Usr 0 00:00:02, Sys 0 00:00:01  -  Run Remote Usage
		Usr 0 00:00:00, Sys 0 00:00:00  -  Run Local Usage
		Usr 0 00:00:02, Sys 0 00:00:01  -  Total Remote Usage
		Usr 0 00:00:00, Sys 0 00:00:00  -  Total Local Usage
	369  -  Run Bytes Sent By Job
	196632  -  Run Bytes Received By Job
	369  -  Total Bytes Sent By Job
	196632  -  Total Bytes Received By Job
	Partitionable Resources :    Usage  Request Allocated 
	   Cpus                 :        0       16        16 
	   Disk (KB)            :      207      200 306006016 
	   Memory (MB)          :        1        1      1024 
...
