000 (12868.000.000) 05/16 21:17:20 Job submitted from host: <165.132.104.116:9618?addrs=165.132.104.116-9618&noUDP&sock=14374_c60d_3>
...
001 (12868.000.000) 05/16 21:18:19 Job executing on host: <165.132.104.117:9618?addrs=165.132.104.117-9618&noUDP&sock=3421_69fc_3>
...
006 (12868.000.000) 05/16 21:18:28 Image size of job updated: 57168
	46  -  MemoryUsage of job (MB)
	47004  -  ResidentSetSize of job (KB)
...
005 (12868.000.000) 05/16 21:18:49 Job terminated.
	(1) Normal termination (return value 0)
		Usr 0 00:00:13, Sys 0 00:00:15  -  Run Remote Usage
		Usr 0 00:00:00, Sys 0 00:00:00  -  Run Local Usage
		Usr 0 00:00:13, Sys 0 00:00:15  -  Total Remote Usage
		Usr 0 00:00:00, Sys 0 00:00:00  -  Total Local Usage
	403  -  Run Bytes Sent By Job
	181672  -  Run Bytes Received By Job
	403  -  Total Bytes Sent By Job
	181672  -  Total Bytes Received By Job
	Partitionable Resources :    Usage  Request Allocated 
	   Cpus                 :     0.99       16        16 
	   Disk (KB)            :   192         200 306006016 
	   Memory (MB)          :    46           1      1024 
...
000 (12891.000.000) 05/17 00:34:22 Job submitted from host: <165.132.104.116:9618?addrs=165.132.104.116-9618&noUDP&sock=14374_c60d_3>
...
001 (12891.000.000) 05/17 00:35:26 Job executing on host: <165.132.104.117:9618?addrs=165.132.104.117-9618&noUDP&sock=3421_69fc_3>
...
006 (12891.000.000) 05/17 00:35:28 Image size of job updated: 200
	1  -  MemoryUsage of job (MB)
	32  -  ResidentSetSize of job (KB)
...
005 (12891.000.000) 05/17 00:35:28 Job terminated.
	(1) Normal termination (return value 0)
		Usr 0 00:00:00, Sys 0 00:00:01  -  Run Remote Usage
		Usr 0 00:00:00, Sys 0 00:00:00  -  Run Local Usage
		Usr 0 00:00:00, Sys 0 00:00:01  -  Total Remote Usage
		Usr 0 00:00:00, Sys 0 00:00:00  -  Total Local Usage
	386  -  Run Bytes Sent By Job
	179864  -  Run Bytes Received By Job
	386  -  Total Bytes Sent By Job
	179864  -  Total Bytes Received By Job
	Partitionable Resources :    Usage  Request Allocated 
	   Cpus                 :        0       16        16 
	   Disk (KB)            :      191      200 306006016 
	   Memory (MB)          :        1        1      1024 
...
000 (12892.000.000) 05/17 00:37:58 Job submitted from host: <165.132.104.116:9618?addrs=165.132.104.116-9618&noUDP&sock=14374_c60d_3>
...
001 (12892.000.000) 05/17 00:38:25 Job executing on host: <165.132.104.117:9618?addrs=165.132.104.117-9618&noUDP&sock=3421_69fc_3>
...
006 (12892.000.000) 05/17 00:38:27 Image size of job updated: 200
	0  -  MemoryUsage of job (MB)
	0  -  ResidentSetSize of job (KB)
...
005 (12892.000.000) 05/17 00:38:27 Job terminated.
	(1) Normal termination (return value 0)
		Usr 0 00:00:00, Sys 0 00:00:01  -  Run Remote Usage
		Usr 0 00:00:00, Sys 0 00:00:00  -  Run Local Usage
		Usr 0 00:00:00, Sys 0 00:00:01  -  Total Remote Usage
		Usr 0 00:00:00, Sys 0 00:00:00  -  Total Local Usage
	386  -  Run Bytes Sent By Job
	179864  -  Run Bytes Received By Job
	386  -  Total Bytes Sent By Job
	179864  -  Total Bytes Received By Job
	Partitionable Resources :    Usage  Request Allocated 
	   Cpus                 :        0       16        16 
	   Disk (KB)            :      191      200 306006016 
	   Memory (MB)          :        0        1      1024 
...
000 (12893.000.000) 05/17 00:38:39 Job submitted from host: <165.132.104.116:9618?addrs=165.132.104.116-9618&noUDP&sock=14374_c60d_3>
...
001 (12893.000.000) 05/17 00:39:25 Job executing on host: <165.132.104.117:9618?addrs=165.132.104.117-9618&noUDP&sock=3421_69fc_3>
...
006 (12893.000.000) 05/17 00:39:27 Image size of job updated: 200
	0  -  MemoryUsage of job (MB)
	0  -  ResidentSetSize of job (KB)
...
005 (12893.000.000) 05/17 00:39:27 Job terminated.
	(1) Normal termination (return value 0)
		Usr 0 00:00:00, Sys 0 00:00:01  -  Run Remote Usage
		Usr 0 00:00:00, Sys 0 00:00:00  -  Run Local Usage
		Usr 0 00:00:00, Sys 0 00:00:01  -  Total Remote Usage
		Usr 0 00:00:00, Sys 0 00:00:00  -  Total Local Usage
	394  -  Run Bytes Sent By Job
	183872  -  Run Bytes Received By Job
	394  -  Total Bytes Sent By Job
	183872  -  Total Bytes Received By Job
	Partitionable Resources :    Usage  Request Allocated 
	   Cpus                 :        0       16        16 
	   Disk (KB)            :      195      200 306006016 
	   Memory (MB)          :        0        1      1024 
...
000 (12896.000.000) 05/17 00:51:53 Job submitted from host: <165.132.104.116:9618?addrs=165.132.104.116-9618&noUDP&sock=14374_c60d_3>
...
001 (12896.000.000) 05/17 00:53:25 Job executing on host: <165.132.104.117:9618?addrs=165.132.104.117-9618&noUDP&sock=3421_69fc_3>
...
006 (12896.000.000) 05/17 00:53:27 Image size of job updated: 200
	1  -  MemoryUsage of job (MB)
	36  -  ResidentSetSize of job (KB)
...
005 (12896.000.000) 05/17 00:53:27 Job terminated.
	(1) Normal termination (return value 0)
		Usr 0 00:00:00, Sys 0 00:00:01  -  Run Remote Usage
		Usr 0 00:00:00, Sys 0 00:00:00  -  Run Local Usage
		Usr 0 00:00:00, Sys 0 00:00:01  -  Total Remote Usage
		Usr 0 00:00:00, Sys 0 00:00:00  -  Total Local Usage
	400  -  Run Bytes Sent By Job
	185224  -  Run Bytes Received By Job
	400  -  Total Bytes Sent By Job
	185224  -  Total Bytes Received By Job
	Partitionable Resources :    Usage  Request Allocated 
	   Cpus                 :        0       16        16 
	   Disk (KB)            :      196      200 306006016 
	   Memory (MB)          :        1        1      1024 
...
000 (12897.000.000) 05/17 00:54:44 Job submitted from host: <165.132.104.116:9618?addrs=165.132.104.116-9618&noUDP&sock=14374_c60d_3>
...
001 (12897.000.000) 05/17 00:55:25 Job executing on host: <165.132.104.117:9618?addrs=165.132.104.117-9618&noUDP&sock=3421_69fc_3>
...
006 (12897.000.000) 05/17 00:55:27 Image size of job updated: 200
	0  -  MemoryUsage of job (MB)
	0  -  ResidentSetSize of job (KB)
...
005 (12897.000.000) 05/17 00:55:27 Job terminated.
	(1) Normal termination (return value 0)
		Usr 0 00:00:00, Sys 0 00:00:01  -  Run Remote Usage
		Usr 0 00:00:00, Sys 0 00:00:00  -  Run Local Usage
		Usr 0 00:00:00, Sys 0 00:00:01  -  Total Remote Usage
		Usr 0 00:00:00, Sys 0 00:00:00  -  Total Local Usage
	408  -  Run Bytes Sent By Job
	186944  -  Run Bytes Received By Job
	408  -  Total Bytes Sent By Job
	186944  -  Total Bytes Received By Job
	Partitionable Resources :    Usage  Request Allocated 
	   Cpus                 :        0       16        16 
	   Disk (KB)            :      198      200 306006016 
	   Memory (MB)          :        0        1      1024 
...
000 (12899.000.000) 05/17 01:00:06 Job submitted from host: <165.132.104.116:9618?addrs=165.132.104.116-9618&noUDP&sock=14374_c60d_3>
...
000 (12900.000.000) 05/17 01:00:48 Job submitted from host: <165.132.104.116:9618?addrs=165.132.104.116-9618&noUDP&sock=14374_c60d_3>
...
001 (12899.000.000) 05/17 01:01:26 Job executing on host: <165.132.104.117:9618?addrs=165.132.104.117-9618&noUDP&sock=3421_69fc_3>
...
006 (12899.000.000) 05/17 01:01:28 Image size of job updated: 200
	0  -  MemoryUsage of job (MB)
	0  -  ResidentSetSize of job (KB)
...
005 (12899.000.000) 05/17 01:01:28 Job terminated.
	(1) Normal termination (return value 0)
		Usr 0 00:00:00, Sys 0 00:00:01  -  Run Remote Usage
		Usr 0 00:00:00, Sys 0 00:00:00  -  Run Local Usage
		Usr 0 00:00:00, Sys 0 00:00:01  -  Total Remote Usage
		Usr 0 00:00:00, Sys 0 00:00:00  -  Total Local Usage
	408  -  Run Bytes Sent By Job
	186688  -  Run Bytes Received By Job
	408  -  Total Bytes Sent By Job
	186688  -  Total Bytes Received By Job
	Partitionable Resources :    Usage  Request Allocated 
	   Cpus                 :        0       16        16 
	   Disk (KB)            :      197      200 306006016 
	   Memory (MB)          :        0        1      1024 
...
001 (12900.000.000) 05/17 01:01:31 Job executing on host: <165.132.104.117:9618?addrs=165.132.104.117-9618&noUDP&sock=3421_69fc_3>
...
006 (12900.000.000) 05/17 01:01:33 Image size of job updated: 200
	0  -  MemoryUsage of job (MB)
	0  -  ResidentSetSize of job (KB)
...
005 (12900.000.000) 05/17 01:01:33 Job terminated.
	(1) Normal termination (return value 0)
		Usr 0 00:00:00, Sys 0 00:00:01  -  Run Remote Usage
		Usr 0 00:00:00, Sys 0 00:00:00  -  Run Local Usage
		Usr 0 00:00:00, Sys 0 00:00:01  -  Total Remote Usage
		Usr 0 00:00:00, Sys 0 00:00:00  -  Total Local Usage
	408  -  Run Bytes Sent By Job
	186688  -  Run Bytes Received By Job
	408  -  Total Bytes Sent By Job
	186688  -  Total Bytes Received By Job
	Partitionable Resources :    Usage  Request Allocated 
	   Cpus                 :        0       16        16 
	   Disk (KB)            :      197      200 306006016 
	   Memory (MB)          :        0        1      1024 
...
