000 (8951.000.000) 04/16 11:13:43 Job submitted from host: <165.132.104.116:9618?addrs=165.132.104.116-9618&noUDP&sock=14374_c60d_3>
...
000 (8952.000.000) 04/16 11:13:50 Job submitted from host: <165.132.104.116:9618?addrs=165.132.104.116-9618&noUDP&sock=14374_c60d_3>
...
001 (8951.000.000) 04/16 11:14:44 Job executing on host: <165.132.104.117:9618?addrs=165.132.104.117-9618&noUDP&sock=68892_1309_3>
...
006 (8951.000.000) 04/16 11:14:44 Image size of job updated: 1000
	0  -  MemoryUsage of job (MB)
	0  -  ResidentSetSize of job (KB)
...
005 (8951.000.000) 04/16 11:14:45 Job terminated.
	(1) Normal termination (return value 0)
		Usr 0 00:00:00, Sys 0 00:00:00  -  Run Remote Usage
		Usr 0 00:00:00, Sys 0 00:00:00  -  Run Local Usage
		Usr 0 00:00:00, Sys 0 00:00:00  -  Total Remote Usage
		Usr 0 00:00:00, Sys 0 00:00:00  -  Total Local Usage
	4968  -  Run Bytes Sent By Job
	925136  -  Run Bytes Received By Job
	4968  -  Total Bytes Sent By Job
	925136  -  Total Bytes Received By Job
	Partitionable Resources :    Usage  Request Allocated 
	   Cpus                 :                16        16 
	   Disk (KB)            :      918     1000 265775104 
	   Memory (MB)          :        0        1      1024 
...
001 (8952.000.000) 04/16 11:14:47 Job executing on host: <165.132.104.117:9618?addrs=165.132.104.117-9618&noUDP&sock=68892_1309_3>
...
006 (8952.000.000) 04/16 11:14:56 Image size of job updated: 633124
	619  -  MemoryUsage of job (MB)
	633124  -  ResidentSetSize of job (KB)
...
006 (8952.000.000) 04/16 11:15:05 Image size of job updated: 765776
	619  -  MemoryUsage of job (MB)
	633124  -  ResidentSetSize of job (KB)
...
005 (8952.000.000) 04/16 11:15:05 Job terminated.
	(1) Normal termination (return value 0)
		Usr 0 00:02:55, Sys 0 00:00:02  -  Run Remote Usage
		Usr 0 00:00:00, Sys 0 00:00:00  -  Run Local Usage
		Usr 0 00:02:55, Sys 0 00:00:02  -  Total Remote Usage
		Usr 0 00:00:00, Sys 0 00:00:00  -  Total Local Usage
	5078  -  Run Bytes Sent By Job
	925136  -  Run Bytes Received By Job
	5078  -  Total Bytes Sent By Job
	925136  -  Total Bytes Received By Job
	Partitionable Resources :    Usage  Request Allocated 
	   Cpus                 :                16        16 
	   Disk (KB)            :      918     1000 265775104 
	   Memory (MB)          :      619        1      1024 
...
000 (8959.000.000) 04/16 12:05:51 Job submitted from host: <165.132.104.116:9618?addrs=165.132.104.116-9618&noUDP&sock=14374_c60d_3>
...
000 (8960.000.000) 04/16 12:05:55 Job submitted from host: <165.132.104.116:9618?addrs=165.132.104.116-9618&noUDP&sock=14374_c60d_3>
...
001 (8959.000.000) 04/16 12:06:44 Job executing on host: <165.132.104.117:9618?addrs=165.132.104.117-9618&noUDP&sock=68892_1309_3>
...
006 (8959.000.000) 04/16 12:06:52 Image size of job updated: 613968
	600  -  MemoryUsage of job (MB)
	613968  -  ResidentSetSize of job (KB)
...
006 (8959.000.000) 04/16 12:07:01 Image size of job updated: 708728
	600  -  MemoryUsage of job (MB)
	613968  -  ResidentSetSize of job (KB)
...
005 (8959.000.000) 04/16 12:07:01 Job terminated.
	(1) Normal termination (return value 0)
		Usr 0 00:02:53, Sys 0 00:00:02  -  Run Remote Usage
		Usr 0 00:00:00, Sys 0 00:00:00  -  Run Local Usage
		Usr 0 00:02:53, Sys 0 00:00:02  -  Total Remote Usage
		Usr 0 00:00:00, Sys 0 00:00:00  -  Total Local Usage
	5077  -  Run Bytes Sent By Job
	926512  -  Run Bytes Received By Job
	5077  -  Total Bytes Sent By Job
	926512  -  Total Bytes Received By Job
	Partitionable Resources :    Usage  Request Allocated 
	   Cpus                 :        0       16        16 
	   Disk (KB)            :      924     1000 265775104 
	   Memory (MB)          :      600        1      1024 
...
001 (8960.000.000) 04/16 12:07:04 Job executing on host: <165.132.104.117:9618?addrs=165.132.104.117-9618&noUDP&sock=68892_1309_3>
...
006 (8960.000.000) 04/16 12:07:04 Image size of job updated: 1000
	0  -  MemoryUsage of job (MB)
	0  -  ResidentSetSize of job (KB)
...
005 (8960.000.000) 04/16 12:07:04 Job terminated.
	(1) Normal termination (return value 0)
		Usr 0 00:00:00, Sys 0 00:00:00  -  Run Remote Usage
		Usr 0 00:00:00, Sys 0 00:00:00  -  Run Local Usage
		Usr 0 00:00:00, Sys 0 00:00:00  -  Total Remote Usage
		Usr 0 00:00:00, Sys 0 00:00:00  -  Total Local Usage
	4968  -  Run Bytes Sent By Job
	926512  -  Run Bytes Received By Job
	4968  -  Total Bytes Sent By Job
	926512  -  Total Bytes Received By Job
	Partitionable Resources :    Usage  Request Allocated 
	   Cpus                 :        0       16        16 
	   Disk (KB)            :      924     1000 265775104 
	   Memory (MB)          :        0        1      1024 
...
000 (8966.000.000) 04/16 12:40:48 Job submitted from host: <165.132.104.116:9618?addrs=165.132.104.116-9618&noUDP&sock=14374_c60d_3>
...
000 (8967.000.000) 04/16 12:40:55 Job submitted from host: <165.132.104.116:9618?addrs=165.132.104.116-9618&noUDP&sock=14374_c60d_3>
...
001 (8966.000.000) 04/16 12:41:44 Job executing on host: <165.132.104.117:9618?addrs=165.132.104.117-9618&noUDP&sock=68892_1309_3>
...
006 (8966.000.000) 04/16 12:41:53 Image size of job updated: 633216
	619  -  MemoryUsage of job (MB)
	633216  -  ResidentSetSize of job (KB)
...
006 (8966.000.000) 04/16 12:41:59 Image size of job updated: 942328
	619  -  MemoryUsage of job (MB)
	633216  -  ResidentSetSize of job (KB)
...
005 (8966.000.000) 04/16 12:41:59 Job terminated.
	(1) Normal termination (return value 0)
		Usr 0 00:01:57, Sys 0 00:00:02  -  Run Remote Usage
		Usr 0 00:00:00, Sys 0 00:00:00  -  Run Local Usage
		Usr 0 00:01:57, Sys 0 00:00:02  -  Total Remote Usage
		Usr 0 00:00:00, Sys 0 00:00:00  -  Total Local Usage
	5078  -  Run Bytes Sent By Job
	929800  -  Run Bytes Received By Job
	5078  -  Total Bytes Sent By Job
	929800  -  Total Bytes Received By Job
	Partitionable Resources :    Usage  Request Allocated 
	   Cpus                 :        0       16        16 
	   Disk (KB)            :      928     1000 265775104 
	   Memory (MB)          :      619        1      1024 
...
001 (8967.000.000) 04/16 12:42:01 Job executing on host: <165.132.104.117:9618?addrs=165.132.104.117-9618&noUDP&sock=68892_1309_3>
...
006 (8967.000.000) 04/16 12:42:01 Image size of job updated: 1000
	0  -  MemoryUsage of job (MB)
	0  -  ResidentSetSize of job (KB)
...
005 (8967.000.000) 04/16 12:42:02 Job terminated.
	(1) Normal termination (return value 0)
		Usr 0 00:00:00, Sys 0 00:00:00  -  Run Remote Usage
		Usr 0 00:00:00, Sys 0 00:00:00  -  Run Local Usage
		Usr 0 00:00:00, Sys 0 00:00:00  -  Total Remote Usage
		Usr 0 00:00:00, Sys 0 00:00:00  -  Total Local Usage
	4968  -  Run Bytes Sent By Job
	929800  -  Run Bytes Received By Job
	4968  -  Total Bytes Sent By Job
	929800  -  Total Bytes Received By Job
	Partitionable Resources :    Usage  Request Allocated 
	   Cpus                 :                16        16 
	   Disk (KB)            :      923     1000 265775104 
	   Memory (MB)          :        0        1      1024 
...
000 (8968.000.000) 04/16 12:53:29 Job submitted from host: <165.132.104.116:9618?addrs=165.132.104.116-9618&noUDP&sock=14374_c60d_3>
...
000 (8969.000.000) 04/16 12:53:31 Job submitted from host: <165.132.104.116:9618?addrs=165.132.104.116-9618&noUDP&sock=14374_c60d_3>
...
001 (8968.000.000) 04/16 12:53:45 Job executing on host: <165.132.104.117:9618?addrs=165.132.104.117-9618&noUDP&sock=68892_1309_3>
...
006 (8968.000.000) 04/16 12:53:45 Image size of job updated: 1000
	0  -  MemoryUsage of job (MB)
	0  -  ResidentSetSize of job (KB)
...
005 (8968.000.000) 04/16 12:53:45 Job terminated.
	(1) Normal termination (return value 0)
		Usr 0 00:00:00, Sys 0 00:00:00  -  Run Remote Usage
		Usr 0 00:00:00, Sys 0 00:00:00  -  Run Local Usage
		Usr 0 00:00:00, Sys 0 00:00:00  -  Total Remote Usage
		Usr 0 00:00:00, Sys 0 00:00:00  -  Total Local Usage
	4968  -  Run Bytes Sent By Job
	929800  -  Run Bytes Received By Job
	4968  -  Total Bytes Sent By Job
	929800  -  Total Bytes Received By Job
	Partitionable Resources :    Usage  Request Allocated 
	   Cpus                 :                16        16 
	   Disk (KB)            :      922     1000 265775104 
	   Memory (MB)          :        0        1      1024 
...
001 (8969.000.000) 04/16 12:53:48 Job executing on host: <165.132.104.117:9618?addrs=165.132.104.117-9618&noUDP&sock=68892_1309_3>
...
006 (8969.000.000) 04/16 12:53:56 Image size of job updated: 633052
	619  -  MemoryUsage of job (MB)
	633052  -  ResidentSetSize of job (KB)
...
006 (8969.000.000) 04/16 12:54:02 Image size of job updated: 708680
	619  -  MemoryUsage of job (MB)
	633052  -  ResidentSetSize of job (KB)
...
005 (8969.000.000) 04/16 12:54:02 Job terminated.
	(1) Normal termination (return value 0)
		Usr 0 00:01:57, Sys 0 00:00:02  -  Run Remote Usage
		Usr 0 00:00:00, Sys 0 00:00:00  -  Run Local Usage
		Usr 0 00:01:57, Sys 0 00:00:02  -  Total Remote Usage
		Usr 0 00:00:00, Sys 0 00:00:00  -  Total Local Usage
	5078  -  Run Bytes Sent By Job
	929800  -  Run Bytes Received By Job
	5078  -  Total Bytes Sent By Job
	929800  -  Total Bytes Received By Job
	Partitionable Resources :    Usage  Request Allocated 
	   Cpus                 :                16        16 
	   Disk (KB)            :      923     1000 265775104 
	   Memory (MB)          :      619        1      1024 
...
000 (8971.000.000) 04/16 13:13:13 Job submitted from host: <165.132.104.116:9618?addrs=165.132.104.116-9618&noUDP&sock=14374_c60d_3>
...
000 (8972.000.000) 04/16 13:13:18 Job submitted from host: <165.132.104.116:9618?addrs=165.132.104.116-9618&noUDP&sock=14374_c60d_3>
...
001 (8971.000.000) 04/16 13:13:45 Job executing on host: <165.132.104.117:9618?addrs=165.132.104.117-9618&noUDP&sock=68892_1309_3>
...
006 (8971.000.000) 04/16 13:13:53 Image size of job updated: 633108
	619  -  MemoryUsage of job (MB)
	633108  -  ResidentSetSize of job (KB)
...
006 (8971.000.000) 04/16 13:13:59 Image size of job updated: 651984
	619  -  MemoryUsage of job (MB)
	633108  -  ResidentSetSize of job (KB)
...
005 (8971.000.000) 04/16 13:13:59 Job terminated.
	(1) Normal termination (return value 0)
		Usr 0 00:01:52, Sys 0 00:00:02  -  Run Remote Usage
		Usr 0 00:00:00, Sys 0 00:00:00  -  Run Local Usage
		Usr 0 00:01:52, Sys 0 00:00:02  -  Total Remote Usage
		Usr 0 00:00:00, Sys 0 00:00:00  -  Total Local Usage
	5081  -  Run Bytes Sent By Job
	929792  -  Run Bytes Received By Job
	5081  -  Total Bytes Sent By Job
	929792  -  Total Bytes Received By Job
	Partitionable Resources :    Usage  Request Allocated 
	   Cpus                 :        0       16        16 
	   Disk (KB)            :      928     1000 265775104 
	   Memory (MB)          :      619        1      1024 
...
001 (8972.000.000) 04/16 13:14:01 Job executing on host: <165.132.104.117:9618?addrs=165.132.104.117-9618&noUDP&sock=68892_1309_3>
...
006 (8972.000.000) 04/16 13:14:01 Image size of job updated: 1000
	0  -  MemoryUsage of job (MB)
	0  -  ResidentSetSize of job (KB)
...
005 (8972.000.000) 04/16 13:14:01 Job terminated.
	(1) Normal termination (return value 0)
		Usr 0 00:00:00, Sys 0 00:00:00  -  Run Remote Usage
		Usr 0 00:00:00, Sys 0 00:00:00  -  Run Local Usage
		Usr 0 00:00:00, Sys 0 00:00:00  -  Total Remote Usage
		Usr 0 00:00:00, Sys 0 00:00:00  -  Total Local Usage
	4968  -  Run Bytes Sent By Job
	929792  -  Run Bytes Received By Job
	4968  -  Total Bytes Sent By Job
	929792  -  Total Bytes Received By Job
	Partitionable Resources :    Usage  Request Allocated 
	   Cpus                 :                16        16 
	   Disk (KB)            :      923     1000 265775104 
	   Memory (MB)          :        0        1      1024 
...
000 (8980.000.000) 04/16 13:33:57 Job submitted from host: <165.132.104.116:9618?addrs=165.132.104.116-9618&noUDP&sock=14374_c60d_3>
...
000 (8981.000.000) 04/16 13:34:02 Job submitted from host: <165.132.104.116:9618?addrs=165.132.104.116-9618&noUDP&sock=14374_c60d_3>
...
001 (8980.000.000) 04/16 13:34:46 Job executing on host: <165.132.104.117:9618?addrs=165.132.104.117-9618&noUDP&sock=68892_1309_3>
...
006 (8980.000.000) 04/16 13:34:46 Image size of job updated: 1000
	0  -  MemoryUsage of job (MB)
	0  -  ResidentSetSize of job (KB)
...
005 (8980.000.000) 04/16 13:34:46 Job terminated.
	(1) Normal termination (return value 0)
		Usr 0 00:00:00, Sys 0 00:00:00  -  Run Remote Usage
		Usr 0 00:00:00, Sys 0 00:00:00  -  Run Local Usage
		Usr 0 00:00:00, Sys 0 00:00:00  -  Total Remote Usage
		Usr 0 00:00:00, Sys 0 00:00:00  -  Total Local Usage
	4787  -  Run Bytes Sent By Job
	927504  -  Run Bytes Received By Job
	4787  -  Total Bytes Sent By Job
	927504  -  Total Bytes Received By Job
	Partitionable Resources :    Usage  Request Allocated 
	   Cpus                 :                16        16 
	   Disk (KB)            :      920     1000 265775104 
	   Memory (MB)          :        0        1      1024 
...
001 (8981.000.000) 04/16 13:34:48 Job executing on host: <165.132.104.117:9618?addrs=165.132.104.117-9618&noUDP&sock=68892_1309_3>
...
006 (8981.000.000) 04/16 13:34:57 Image size of job updated: 651960
	637  -  MemoryUsage of job (MB)
	651960  -  ResidentSetSize of job (KB)
...
006 (8981.000.000) 04/16 13:35:02 Image size of job updated: 828712
	637  -  MemoryUsage of job (MB)
	651960  -  ResidentSetSize of job (KB)
...
005 (8981.000.000) 04/16 13:35:03 Job terminated.
	(1) Normal termination (return value 0)
		Usr 0 00:01:52, Sys 0 00:00:02  -  Run Remote Usage
		Usr 0 00:00:00, Sys 0 00:00:00  -  Run Local Usage
		Usr 0 00:01:52, Sys 0 00:00:02  -  Total Remote Usage
		Usr 0 00:00:00, Sys 0 00:00:00  -  Total Local Usage
	4870  -  Run Bytes Sent By Job
	927504  -  Run Bytes Received By Job
	4870  -  Total Bytes Sent By Job
	927504  -  Total Bytes Received By Job
	Partitionable Resources :    Usage  Request Allocated 
	   Cpus                 :                16        16 
	   Disk (KB)            :      920     1000 265775104 
	   Memory (MB)          :      637        1      1024 
...
