Read Time:           0.02148
EL size : 88234
alloc edgelist 88234
alloc edgelist 88234
Build Time:          0.00074
directed constructor
Preprocessing Time : 0.00000
trial Time:          0.00232
Printing Top5 Ranks
1911:0.00479488
3434:0.00456082
2655:0.00449139
1902:0.00444523
1888:0.00334534
 pp answer[0]: 1911, 0.004525, res[0] = 1911, 0.004795
 pp answer[1]: 3434, 0.004507, res[1] = 3434, 0.004561
 pp answer[2]: 2655, 0.004353, res[2] = 2655, 0.004491
 pp answer[3]: 1902, 0.004315, res[3] = 1902, 0.004445
 pp answer[4]: 1888, 0.003309, res[4] = 1888, 0.003345
PASS!! your total pass: 5
Preprocessing Time : 0.00000
trial Time:          0.00208
Printing Top5 Ranks
1911:0.00479488
3434:0.00456082
2655:0.00449139
1902:0.00444523
1888:0.00334534
 pp answer[0]: 1911, 0.004525, res[0] = 1911, 0.004795
 pp answer[1]: 3434, 0.004507, res[1] = 3434, 0.004561
 pp answer[2]: 2655, 0.004353, res[2] = 2655, 0.004491
 pp answer[3]: 1902, 0.004315, res[3] = 1902, 0.004445
 pp answer[4]: 1888, 0.003309, res[4] = 1888, 0.003345
PASS!! your total pass: 5
Preprocessing Time : 0.00000
trial Time:          0.00217
Printing Top5 Ranks
1911:0.00479488
3434:0.00456082
2655:0.00449139
1902:0.00444523
1888:0.00334534
 pp answer[0]: 1911, 0.004525, res[0] = 1911, 0.004795
 pp answer[1]: 3434, 0.004507, res[1] = 3434, 0.004561
 pp answer[2]: 2655, 0.004353, res[2] = 2655, 0.004491
 pp answer[3]: 1902, 0.004315, res[3] = 1902, 0.004445
 pp answer[4]: 1888, 0.003309, res[4] = 1888, 0.003345
PASS!! your total pass: 5
Preprocessing Time : 0.00000
trial Time:          0.00206
Printing Top5 Ranks
1911:0.00479489
3434:0.00456082
2655:0.00449139
1902:0.00444523
1888:0.00334534
 pp answer[0]: 1911, 0.004525, res[0] = 1911, 0.004795
 pp answer[1]: 3434, 0.004507, res[1] = 3434, 0.004561
 pp answer[2]: 2655, 0.004353, res[2] = 2655, 0.004491
 pp answer[3]: 1902, 0.004315, res[3] = 1902, 0.004445
 pp answer[4]: 1888, 0.003309, res[4] = 1888, 0.003345
PASS!! your total pass: 5
Preprocessing Time : 0.00000
trial Time:          0.00214
Printing Top5 Ranks
1911:0.00479488
3434:0.00456082
2655:0.00449139
1902:0.00444523
1888:0.00334534
 pp answer[0]: 1911, 0.004525, res[0] = 1911, 0.004795
 pp answer[1]: 3434, 0.004507, res[1] = 3434, 0.004561
 pp answer[2]: 2655, 0.004353, res[2] = 2655, 0.004491
 pp answer[3]: 1902, 0.004315, res[3] = 1902, 0.004445
 pp answer[4]: 1888, 0.003309, res[4] = 1888, 0.003345
PASS!! your total pass: 5
Preprocessing Time : 0.00000
trial Time:          0.00210
Printing Top5 Ranks
1911:0.00479488
3434:0.00456082
2655:0.00449139
1902:0.00444523
1888:0.00334534
 pp answer[0]: 1911, 0.004525, res[0] = 1911, 0.004795
 pp answer[1]: 3434, 0.004507, res[1] = 3434, 0.004561
 pp answer[2]: 2655, 0.004353, res[2] = 2655, 0.004491
 pp answer[3]: 1902, 0.004315, res[3] = 1902, 0.004445
 pp answer[4]: 1888, 0.003309, res[4] = 1888, 0.003345
PASS!! your total pass: 5
Preprocessing Time : 0.00000
trial Time:          0.00214
Printing Top5 Ranks
1911:0.00479488
3434:0.00456082
2655:0.00449139
1902:0.00444523
1888:0.00334534
 pp answer[0]: 1911, 0.004525, res[0] = 1911, 0.004795
 pp answer[1]: 3434, 0.004507, res[1] = 3434, 0.004561
 pp answer[2]: 2655, 0.004353, res[2] = 2655, 0.004491
 pp answer[3]: 1902, 0.004315, res[3] = 1902, 0.004445
 pp answer[4]: 1888, 0.003309, res[4] = 1888, 0.003345
PASS!! your total pass: 5
Preprocessing Time : 0.00000
trial Time:          0.00210
Printing Top5 Ranks
1911:0.00479488
3434:0.00456082
2655:0.00449139
1902:0.00444523
1888:0.00334534
 pp answer[0]: 1911, 0.004525, res[0] = 1911, 0.004795
 pp answer[1]: 3434, 0.004507, res[1] = 3434, 0.004561
 pp answer[2]: 2655, 0.004353, res[2] = 2655, 0.004491
 pp answer[3]: 1902, 0.004315, res[3] = 1902, 0.004445
 pp answer[4]: 1888, 0.003309, res[4] = 1888, 0.003345
PASS!! your total pass: 5
Preprocessing Time : 0.00000
trial Time:          0.00215
Printing Top5 Ranks
1911:0.00479488
3434:0.00456082
2655:0.00449139
1902:0.00444523
1888:0.00334534
 pp answer[0]: 1911, 0.004525, res[0] = 1911, 0.004795
 pp answer[1]: 3434, 0.004507, res[1] = 3434, 0.004561
 pp answer[2]: 2655, 0.004353, res[2] = 2655, 0.004491
 pp answer[3]: 1902, 0.004315, res[3] = 1902, 0.004445
 pp answer[4]: 1888, 0.003309, res[4] = 1888, 0.003345
PASS!! your total pass: 5
Preprocessing Time : 0.00000
trial Time:          0.00211
Printing Top5 Ranks
1911:0.00479488
3434:0.00456082
2655:0.00449139
1902:0.00444523
1888:0.00334534
 pp answer[0]: 1911, 0.004525, res[0] = 1911, 0.004795
 pp answer[1]: 3434, 0.004507, res[1] = 3434, 0.004561
 pp answer[2]: 2655, 0.004353, res[2] = 2655, 0.004491
 pp answer[3]: 1902, 0.004315, res[3] = 1902, 0.004445
 pp answer[4]: 1888, 0.003309, res[4] = 1888, 0.003345
PASS!! your total pass: 5
PageRank End. Your Pass Score: 10, Mininum Runtime: 0.00206
